<?xml version="1.0" encoding="UTF-8" ?>
<testsuite errors="1" failures="0" hostname="mbp-leo.local" name="TestSsl.java" skipped="0" tests="1" time="0.0" timestamp="2015-04-10T10:18:17">
  <properties>
[...]
</properties>
  <error message="TestSsl.java" type="java.lang.ClassNotFoundException">java.lang.ClassNotFoundException: TestSsl.java
	at java.lang.ClassLoader.loadClass(ClassLoader.java:357)
	at java.lang.Class.forName0(Native Method)
	at java.lang.Class.forName(Class.java:344)
</error>
  <system-out><![CDATA[]]></system-out>
  <system-err><![CDATA[]]></system-err>
</testsuite>
